<?xml version="1.0" encoding="UTF-8"?>
<testsuite xmlns:xsi="http://www.w3.org/2001/XMLSchema-instance" xsi:noNamespaceSchemaLocation="https://maven.apache.org/surefire/maven-surefire-plugin/xsd/surefire-test-report.xsd" name="TestsClassesPageObjects.BrowserWindowsPageTest" time="79.532" tests="2" errors="0" skipped="0" failures="0">
  <properties>
[...]
</properties>
  <testcase name="checkCloseNewTab" classname="TestsClassesPageObjects.BrowserWindowsPageTest" time="39.684"/>
  <testcase name="checkCloseNewWindow" classname="TestsClassesPageObjects.BrowserWindowsPageTest" time="39.845"/>
</testsuite>